2025-10-23 14:34:43,768 - ERROR - Invalid path: C:\Users\PRO\Desktop\test_folder
2025-10-23 14:34:51,406 - INFO - [31m[1mWARNING: This is a development server. Do not use it in a production deployment. Use a production WSGI server instead.[0m
 * Running on http://127.0.0.1:5000
2025-10-23 14:34:51,407 - INFO - [33mPress CTRL+C to quit[0m
2025-10-23 14:34:51,418 - INFO -  * Restarting with watchdog (windowsapi)
2025-10-23 14:34:52,722 - WARNING -  * Debugger is active!
2025-10-23 14:34:52,725 - INFO -  * Debugger PIN: 520-505-401
2025-10-23 14:37:02,832 - ERROR - Invalid path: C:\Users\PRO\Desktop\test_folder
2025-10-23 14:37:39,881 - INFO -  * Detected change in 'C:\\Users\\PRO\\Desktop\\skanda_a\\src\\antivirus.py', reloading
2025-10-23 14:37:39,882 - INFO -  * Detected change in 'C:\\Users\\PRO\\Desktop\\skanda_a\\src\\antivirus.py', reloading
2025-10-23 14:37:39,882 - INFO -  * Detected change in 'C:\\Users\\PRO\\Desktop\\skanda_a\\src\\antivirus.py', reloading
2025-10-23 14:37:40,496 - INFO -  * Restarting with watchdog (windowsapi)
2025-10-23 14:37:52,205 - ERROR - Error fetching threats: HTTPSConnectionPool(host='api.threatintel.example.com', port=443): Max retries exceeded with url: /threats (Caused by NameResolutionError("<urllib3.connection.HTTPSConnection object at 0x000001792A9F0980>: Failed to resolve 'api.threatintel.example.com' ([Errno 11001] getaddrinfo failed)"))
2025-10-23 14:37:59,863 - ERROR - Error fetching threats: HTTPSConnectionPool(host='api.threatintel.example.com', port=443): Max retries exceeded with url: /threats (Caused by NameResolutionError("<urllib3.connection.HTTPSConnection object at 0x0000026915A50980>: Failed to resolve 'api.threatintel.example.com' ([Errno 11001] getaddrinfo failed)"))
2025-10-23 14:37:59,865 - ERROR - Error fetching threats: HTTPSConnectionPool(host='api.threatintel.example.com', port=443): Max retries exceeded with url: /threats (Caused by NameResolutionError("<urllib3.connection.HTTPSConnection object at 0x0000026915A1B110>: Failed to resolve 'api.threatintel.example.com' ([Errno 11001] getaddrinfo failed)"))
2025-10-23 14:37:59,866 - ERROR - Error fetching threats: HTTPSConnectionPool(host='api.threatintel.example.com', port=443): Max retries exceeded with url: /threats (Caused by NameResolutionError("<urllib3.connection.HTTPSConnection object at 0x0000026915A1B750>: Failed to resolve 'api.threatintel.example.com' ([Errno 11001] getaddrinfo failed)"))
2025-10-23 14:37:59,866 - ERROR - Error fetching threats: HTTPSConnectionPool(host='api.threatintel.example.com', port=443): Max retries exceeded with url: /threats (Caused by NameResolutionError("<urllib3.connection.HTTPSConnection object at 0x0000026915A1B9D0>: Failed to resolve 'api.threatintel.example.com' ([Errno 11001] getaddrinfo failed)"))
2025-10-23 14:37:59,867 - ERROR - Error fetching threats: HTTPSConnectionPool(host='api.threatintel.example.com', port=443): Max retries exceeded with url: /threats (Caused by NameResolutionError("<urllib3.connection.HTTPSConnection object at 0x0000026915A1BC50>: Failed to resolve 'api.threatintel.example.com' ([Errno 11001] getaddrinfo failed)"))
2025-10-23 14:37:59,868 - ERROR - Error fetching threats: HTTPSConnectionPool(host='api.threatintel.example.com', port=443): Max retries exceeded with url: /threats (Caused by NameResolutionError("<urllib3.connection.HTTPSConnection object at 0x0000026915A1BED0>: Failed to resolve 'api.threatintel.example.com' ([Errno 11001] getaddrinfo failed)"))
2025-10-23 14:37:59,882 - ERROR - Error fetching threats: HTTPSConnectionPool(host='api.threatintel.example.com', port=443): Max retries exceeded with url: /threats (Caused by NameResolutionError("<urllib3.connection.HTTPSConnection object at 0x0000026915A80190>: Failed to resolve 'api.threatintel.example.com' ([Errno 11001] getaddrinfo failed)"))
2025-10-23 14:37:59,884 - ERROR - Error fetching threats: HTTPSConnectionPool(host='api.threatintel.example.com', port=443): Max retries exceeded with url: /threats (Caused by NameResolutionError("<urllib3.connection.HTTPSConnection object at 0x0000026915A80410>: Failed to resolve 'api.threatintel.example.com' ([Errno 11001] getaddrinfo failed)"))
2025-10-23 14:37:59,884 - ERROR - Error fetching threats: HTTPSConnectionPool(host='api.threatintel.example.com', port=443): Max retries exceeded with url: /threats (Caused by NameResolutionError("<urllib3.connection.HTTPSConnection object at 0x0000026915A80690>: Failed to resolve 'api.threatintel.example.com' ([Errno 11001] getaddrinfo failed)"))
2025-10-23 14:37:59,885 - ERROR - Error fetching threats: HTTPSConnectionPool(host='api.threatintel.example.com', port=443): Max retries exceeded with url: /threats (Caused by NameResolutionError("<urllib3.connection.HTTPSConnection object at 0x0000026915A80910>: Failed to resolve 'api.threatintel.example.com' ([Errno 11001] getaddrinfo failed)"))
2025-10-23 14:37:59,886 - ERROR - Error fetching threats: HTTPSConnectionPool(host='api.threatintel.example.com', port=443): Max retries exceeded with url: /threats (Caused by NameResolutionError("<urllib3.connection.HTTPSConnection object at 0x0000026915A80B90>: Failed to resolve 'api.threatintel.example.com' ([Errno 11001] getaddrinfo failed)"))
2025-10-23 14:37:59,898 - ERROR - Error fetching threats: HTTPSConnectionPool(host='api.threatintel.example.com', port=443): Max retries exceeded with url: /threats (Caused by NameResolutionError("<urllib3.connection.HTTPSConnection object at 0x0000026915A80E10>: Failed to resolve 'api.threatintel.example.com' ([Errno 11001] getaddrinfo failed)"))
2025-10-23 14:37:59,899 - ERROR - Error fetching threats: HTTPSConnectionPool(host='api.threatintel.example.com', port=443): Max retries exceeded with url: /threats (Caused by NameResolutionError("<urllib3.connection.HTTPSConnection object at 0x0000026915A81090>: Failed to resolve 'api.threatintel.example.com' ([Errno 11001] getaddrinfo failed)"))
2025-10-23 14:37:59,900 - ERROR - Error fetching threats: HTTPSConnectionPool(host='api.threatintel.example.com', port=443): Max retries exceeded with url: /threats (Caused by NameResolutionError("<urllib3.connection.HTTPSConnection object at 0x0000026915A81310>: Failed to resolve 'api.threatintel.example.com' ([Errno 11001] getaddrinfo failed)"))
2025-10-23 14:37:59,901 - ERROR - Error fetching threats: HTTPSConnectionPool(host='api.threatintel.example.com', port=443): Max retries exceeded with url: /threats (Caused by NameResolutionError("<urllib3.connection.HTTPSConnection object at 0x0000026915A1BED0>: Failed to resolve 'api.threatintel.example.com' ([Errno 11001] getaddrinfo failed)"))
2025-10-23 14:37:59,903 - ERROR - Error fetching threats: HTTPSConnectionPool(host='api.threatintel.example.com', port=443): Max retries exceeded with url: /threats (Caused by NameResolutionError("<urllib3.connection.HTTPSConnection object at 0x0000026915A1BD90>: Failed to resolve 'api.threatintel.example.com' ([Errno 11001] getaddrinfo failed)"))
2025-10-23 14:37:59,906 - ERROR - Error fetching threats: HTTPSConnectionPool(host='api.threatintel.example.com', port=443): Max retries exceeded with url: /threats (Caused by NameResolutionError("<urllib3.connection.HTTPSConnection object at 0x0000026915A1BB10>: Failed to resolve 'api.threatintel.example.com' ([Errno 11001] getaddrinfo failed)"))
2025-10-23 14:37:59,968 - ERROR - Error fetching threats: HTTPSConnectionPool(host='api.threatintel.example.com', port=443): Max retries exceeded with url: /threats (Caused by NameResolutionError("<urllib3.connection.HTTPSConnection object at 0x0000026915A1B610>: Failed to resolve 'api.threatintel.example.com' ([Errno 11001] getaddrinfo failed)"))
2025-10-23 14:38:05,411 - ERROR - Error fetching threats: HTTPSConnectionPool(host='api.threatintel.example.com', port=443): Max retries exceeded with url: /threats (Caused by NameResolutionError("<urllib3.connection.HTTPSConnection object at 0x0000022401C40980>: Failed to resolve 'api.threatintel.example.com' ([Errno 11001] getaddrinfo failed)"))
2025-10-23 14:38:43,715 - ERROR - Error fetching threats: HTTPSConnectionPool(host='api.threatintel.example.com', port=443): Max retries exceeded with url: /threats (Caused by NameResolutionError("<urllib3.connection.HTTPSConnection object at 0x0000022081140980>: Failed to resolve 'api.threatintel.example.com' ([Errno 11001] getaddrinfo failed)"))
2025-10-23 14:38:55,040 - ERROR - Error fetching threats: HTTPSConnectionPool(host='api.threatintel.example.com', port=443): Max retries exceeded with url: /threats (Caused by NameResolutionError("<urllib3.connection.HTTPSConnection object at 0x0000014748140980>: Failed to resolve 'api.threatintel.example.com' ([Errno 11001] getaddrinfo failed)"))
2025-10-23 14:39:13,400 - ERROR - Error fetching threats: HTTPSConnectionPool(host='api.threatintel.example.com', port=443): Max retries exceeded with url: /threats (Caused by NameResolutionError("<urllib3.connection.HTTPSConnection object at 0x000001CC4C690980>: Failed to resolve 'api.threatintel.example.com' ([Errno 11001] getaddrinfo failed)"))
2025-10-23 14:39:26,761 - INFO - [31m[1mWARNING: This is a development server. Do not use it in a production deployment. Use a production WSGI server instead.[0m
 * Running on http://127.0.0.1:5000
2025-10-23 14:39:26,761 - INFO - [33mPress CTRL+C to quit[0m
2025-10-23 14:39:26,767 - INFO -  * Restarting with watchdog (windowsapi)
2025-10-23 14:39:28,080 - WARNING -  * Debugger is active!
2025-10-23 14:39:28,081 - INFO -  * Debugger PIN: 520-505-401
2025-10-23 14:42:53,023 - ERROR - Error fetching threats: HTTPSConnectionPool(host='api.threatintel.example.com', port=443): Max retries exceeded with url: /threats (Caused by NameResolutionError("<urllib3.connection.HTTPSConnection object at 0x000001D5ED090980>: Failed to resolve 'api.threatintel.example.com' ([Errno 11001] getaddrinfo failed)"))
2025-10-23 14:43:04,069 - ERROR - Error fetching threats: HTTPSConnectionPool(host='api.threatintel.example.com', port=443): Max retries exceeded with url: /threats (Caused by NameResolutionError("<urllib3.connection.HTTPSConnection object at 0x0000026886040980>: Failed to resolve 'api.threatintel.example.com' ([Errno 11001] getaddrinfo failed)"))
2025-10-23 14:43:15,132 - ERROR - Error fetching threats: HTTPSConnectionPool(host='api.threatintel.example.com', port=443): Max retries exceeded with url: /threats (Caused by NameResolutionError("<urllib3.connection.HTTPSConnection object at 0x000001CABC3A0980>: Failed to resolve 'api.threatintel.example.com' ([Errno 11001] getaddrinfo failed)"))
2025-10-23 14:43:20,554 - INFO - Quarantined: test_file.txt -> quarantine\20251023_144320_test_file.txt
2025-10-23 14:45:15,518 - ERROR - Error fetching threats: HTTPSConnectionPool(host='api.threatintel.example.com', port=443): Max retries exceeded with url: /threats (Caused by NameResolutionError("<urllib3.connection.HTTPSConnection object at 0x000002185E1B92B0>: Failed to resolve 'api.threatintel.example.com' ([Errno 11001] getaddrinfo failed)"))
2025-10-23 14:45:15,520 - ERROR - Error fetching threats: HTTPSConnectionPool(host='api.threatintel.example.com', port=443): Max retries exceeded with url: /threats (Caused by NameResolutionError("<urllib3.connection.HTTPSConnection object at 0x000002185E1D4690>: Failed to resolve 'api.threatintel.example.com' ([Errno 11001] getaddrinfo failed)"))
2025-10-23 14:45:15,521 - ERROR - Error fetching threats: HTTPSConnectionPool(host='api.threatintel.example.com', port=443): Max retries exceeded with url: /threats (Caused by NameResolutionError("<urllib3.connection.HTTPSConnection object at 0x000002185E1D4B90>: Failed to resolve 'api.threatintel.example.com' ([Errno 11001] getaddrinfo failed)"))
2025-10-23 14:45:15,522 - ERROR - Error fetching threats: HTTPSConnectionPool(host='api.threatintel.example.com', port=443): Max retries exceeded with url: /threats (Caused by NameResolutionError("<urllib3.connection.HTTPSConnection object at 0x000002185E1D4E10>: Failed to resolve 'api.threatintel.example.com' ([Errno 11001] getaddrinfo failed)"))
2025-10-23 14:45:15,523 - ERROR - Error fetching threats: HTTPSConnectionPool(host='api.threatintel.example.com', port=443): Max retries exceeded with url: /threats (Caused by NameResolutionError("<urllib3.connection.HTTPSConnection object at 0x000002185E1D5090>: Failed to resolve 'api.threatintel.example.com' ([Errno 11001] getaddrinfo failed)"))
2025-10-23 14:45:15,524 - ERROR - Error fetching threats: HTTPSConnectionPool(host='api.threatintel.example.com', port=443): Max retries exceeded with url: /threats (Caused by NameResolutionError("<urllib3.connection.HTTPSConnection object at 0x000002185E1D5310>: Failed to resolve 'api.threatintel.example.com' ([Errno 11001] getaddrinfo failed)"))
2025-10-23 14:45:15,525 - ERROR - Error fetching threats: HTTPSConnectionPool(host='api.threatintel.example.com', port=443): Max retries exceeded with url: /threats (Caused by NameResolutionError("<urllib3.connection.HTTPSConnection object at 0x000002185E1D5590>: Failed to resolve 'api.threatintel.example.com' ([Errno 11001] getaddrinfo failed)"))
2025-10-23 14:45:15,526 - ERROR - Error fetching threats: HTTPSConnectionPool(host='api.threatintel.example.com', port=443): Max retries exceeded with url: /threats (Caused by NameResolutionError("<urllib3.connection.HTTPSConnection object at 0x000002185E1D5810>: Failed to resolve 'api.threatintel.example.com' ([Errno 11001] getaddrinfo failed)"))
2025-10-23 14:45:15,527 - ERROR - Error fetching threats: HTTPSConnectionPool(host='api.threatintel.example.com', port=443): Max retries exceeded with url: /threats (Caused by NameResolutionError("<urllib3.connection.HTTPSConnection object at 0x000002185E1D5A90>: Failed to resolve 'api.threatintel.example.com' ([Errno 11001] getaddrinfo failed)"))
2025-10-23 14:45:15,528 - ERROR - Error fetching threats: HTTPSConnectionPool(host='api.threatintel.example.com', port=443): Max retries exceeded with url: /threats (Caused by NameResolutionError("<urllib3.connection.HTTPSConnection object at 0x000002185E0ABD90>: Failed to resolve 'api.threatintel.example.com' ([Errno 11001] getaddrinfo failed)"))
2025-10-23 14:45:15,529 - ERROR - Error fetching threats: HTTPSConnectionPool(host='api.threatintel.example.com', port=443): Max retries exceeded with url: /threats (Caused by NameResolutionError("<urllib3.connection.HTTPSConnection object at 0x000002185E0AAFD0>: Failed to resolve 'api.threatintel.example.com' ([Errno 11001] getaddrinfo failed)"))
2025-10-23 14:45:15,530 - ERROR - Error fetching threats: HTTPSConnectionPool(host='api.threatintel.example.com', port=443): Max retries exceeded with url: /threats (Caused by NameResolutionError("<urllib3.connection.HTTPSConnection object at 0x000002185E0AB250>: Failed to resolve 'api.threatintel.example.com' ([Errno 11001] getaddrinfo failed)"))
2025-10-23 14:45:21,364 - INFO - [31m[1mWARNING: This is a development server. Do not use it in a production deployment. Use a production WSGI server instead.[0m
 * Running on http://127.0.0.1:5000
2025-10-23 14:45:21,365 - INFO - [33mPress CTRL+C to quit[0m
2025-10-23 14:45:21,365 - INFO -  * Restarting with watchdog (windowsapi)
2025-10-23 14:45:22,712 - WARNING -  * Debugger is active!
2025-10-23 14:45:22,713 - INFO -  * Debugger PIN: 520-505-401
2025-10-23 14:56:24,628 - ERROR - Error fetching threats: HTTPSConnectionPool(host='api.threatintel.example.com', port=443): Max retries exceeded with url: /threats (Caused by NameResolutionError("<urllib3.connection.HTTPSConnection object at 0x0000019BEAA692B0>: Failed to resolve 'api.threatintel.example.com' ([Errno 11001] getaddrinfo failed)"))
2025-10-23 14:56:24,629 - ERROR - Error fetching threats: HTTPSConnectionPool(host='api.threatintel.example.com', port=443): Max retries exceeded with url: /threats (Caused by NameResolutionError("<urllib3.connection.HTTPSConnection object at 0x0000019BEAA84690>: Failed to resolve 'api.threatintel.example.com' ([Errno 11001] getaddrinfo failed)"))
2025-10-23 14:56:24,630 - ERROR - Error fetching threats: HTTPSConnectionPool(host='api.threatintel.example.com', port=443): Max retries exceeded with url: /threats (Caused by NameResolutionError("<urllib3.connection.HTTPSConnection object at 0x0000019BEAA84B90>: Failed to resolve 'api.threatintel.example.com' ([Errno 11001] getaddrinfo failed)"))
2025-10-23 14:56:24,630 - ERROR - Error fetching threats: HTTPSConnectionPool(host='api.threatintel.example.com', port=443): Max retries exceeded with url: /threats (Caused by NameResolutionError("<urllib3.connection.HTTPSConnection object at 0x0000019BEAA84E10>: Failed to resolve 'api.threatintel.example.com' ([Errno 11001] getaddrinfo failed)"))
2025-10-23 14:56:24,631 - ERROR - Error fetching threats: HTTPSConnectionPool(host='api.threatintel.example.com', port=443): Max retries exceeded with url: /threats (Caused by NameResolutionError("<urllib3.connection.HTTPSConnection object at 0x0000019BEAA85090>: Failed to resolve 'api.threatintel.example.com' ([Errno 11001] getaddrinfo failed)"))
2025-10-23 14:56:24,632 - ERROR - Error fetching threats: HTTPSConnectionPool(host='api.threatintel.example.com', port=443): Max retries exceeded with url: /threats (Caused by NameResolutionError("<urllib3.connection.HTTPSConnection object at 0x0000019BEAA85310>: Failed to resolve 'api.threatintel.example.com' ([Errno 11001] getaddrinfo failed)"))
2025-10-23 14:56:24,633 - ERROR - Error fetching threats: HTTPSConnectionPool(host='api.threatintel.example.com', port=443): Max retries exceeded with url: /threats (Caused by NameResolutionError("<urllib3.connection.HTTPSConnection object at 0x0000019BEAA85590>: Failed to resolve 'api.threatintel.example.com' ([Errno 11001] getaddrinfo failed)"))
2025-10-23 14:56:24,634 - ERROR - Error fetching threats: HTTPSConnectionPool(host='api.threatintel.example.com', port=443): Max retries exceeded with url: /threats (Caused by NameResolutionError("<urllib3.connection.HTTPSConnection object at 0x0000019BEAA85810>: Failed to resolve 'api.threatintel.example.com' ([Errno 11001] getaddrinfo failed)"))
2025-10-23 14:56:24,648 - ERROR - Error fetching threats: HTTPSConnectionPool(host='api.threatintel.example.com', port=443): Max retries exceeded with url: /threats (Caused by NameResolutionError("<urllib3.connection.HTTPSConnection object at 0x0000019BEAA85A90>: Failed to resolve 'api.threatintel.example.com' ([Errno 11001] getaddrinfo failed)"))
2025-10-23 14:56:24,650 - ERROR - Error fetching threats: HTTPSConnectionPool(host='api.threatintel.example.com', port=443): Max retries exceeded with url: /threats (Caused by NameResolutionError("<urllib3.connection.HTTPSConnection object at 0x0000019BEA95BD90>: Failed to resolve 'api.threatintel.example.com' ([Errno 11001] getaddrinfo failed)"))
2025-10-23 14:56:24,651 - ERROR - Error fetching threats: HTTPSConnectionPool(host='api.threatintel.example.com', port=443): Max retries exceeded with url: /threats (Caused by NameResolutionError("<urllib3.connection.HTTPSConnection object at 0x0000019BEA95AFD0>: Failed to resolve 'api.threatintel.example.com' ([Errno 11001] getaddrinfo failed)"))
2025-10-23 14:56:24,651 - ERROR - Error fetching threats: HTTPSConnectionPool(host='api.threatintel.example.com', port=443): Max retries exceeded with url: /threats (Caused by NameResolutionError("<urllib3.connection.HTTPSConnection object at 0x0000019BEA95B250>: Failed to resolve 'api.threatintel.example.com' ([Errno 11001] getaddrinfo failed)"))
2025-10-23 14:56:24,652 - ERROR - Error fetching threats: HTTPSConnectionPool(host='api.threatintel.example.com', port=443): Max retries exceeded with url: /threats (Caused by NameResolutionError("<urllib3.connection.HTTPSConnection object at 0x0000019BEAA85A90>: Failed to resolve 'api.threatintel.example.com' ([Errno 11001] getaddrinfo failed)"))
2025-10-23 14:56:24,653 - ERROR - Error fetching threats: HTTPSConnectionPool(host='api.threatintel.example.com', port=443): Max retries exceeded with url: /threats (Caused by NameResolutionError("<urllib3.connection.HTTPSConnection object at 0x0000019BEAA85810>: Failed to resolve 'api.threatintel.example.com' ([Errno 11001] getaddrinfo failed)"))
2025-10-23 14:56:24,654 - ERROR - Error fetching threats: HTTPSConnectionPool(host='api.threatintel.example.com', port=443): Max retries exceeded with url: /threats (Caused by NameResolutionError("<urllib3.connection.HTTPSConnection object at 0x0000019BEAA85590>: Failed to resolve 'api.threatintel.example.com' ([Errno 11001] getaddrinfo failed)"))
2025-10-23 14:56:24,655 - ERROR - Error fetching threats: HTTPSConnectionPool(host='api.threatintel.example.com', port=443): Max retries exceeded with url: /threats (Caused by NameResolutionError("<urllib3.connection.HTTPSConnection object at 0x0000019BEAA85310>: Failed to resolve 'api.threatintel.example.com' ([Errno 11001] getaddrinfo failed)"))
2025-10-23 14:56:24,657 - ERROR - Error fetching threats: HTTPSConnectionPool(host='api.threatintel.example.com', port=443): Max retries exceeded with url: /threats (Caused by NameResolutionError("<urllib3.connection.HTTPSConnection object at 0x0000019BEAA85090>: Failed to resolve 'api.threatintel.example.com' ([Errno 11001] getaddrinfo failed)"))
2025-10-23 14:56:24,659 - ERROR - Error fetching threats: HTTPSConnectionPool(host='api.threatintel.example.com', port=443): Max retries exceeded with url: /threats (Caused by NameResolutionError("<urllib3.connection.HTTPSConnection object at 0x0000019BEAA84E10>: Failed to resolve 'api.threatintel.example.com' ([Errno 11001] getaddrinfo failed)"))
2025-10-23 14:56:24,660 - ERROR - Error fetching threats: HTTPSConnectionPool(host='api.threatintel.example.com', port=443): Max retries exceeded with url: /threats (Caused by NameResolutionError("<urllib3.connection.HTTPSConnection object at 0x0000019BEAA84910>: Failed to resolve 'api.threatintel.example.com' ([Errno 11001] getaddrinfo failed)"))
2025-10-23 14:56:24,661 - ERROR - Error fetching threats: HTTPSConnectionPool(host='api.threatintel.example.com', port=443): Max retries exceeded with url: /threats (Caused by NameResolutionError("<urllib3.connection.HTTPSConnection object at 0x0000019BEAA84B90>: Failed to resolve 'api.threatintel.example.com' ([Errno 11001] getaddrinfo failed)"))
2025-10-23 14:56:24,662 - ERROR - Error fetching threats: HTTPSConnectionPool(host='api.threatintel.example.com', port=443): Max retries exceeded with url: /threats (Caused by NameResolutionError("<urllib3.connection.HTTPSConnection object at 0x0000019BEAA84410>: Failed to resolve 'api.threatintel.example.com' ([Errno 11001] getaddrinfo failed)"))
2025-10-23 14:56:24,663 - ERROR - Error fetching threats: HTTPSConnectionPool(host='api.threatintel.example.com', port=443): Max retries exceeded with url: /threats (Caused by NameResolutionError("<urllib3.connection.HTTPSConnection object at 0x0000019BEAA84690>: Failed to resolve 'api.threatintel.example.com' ([Errno 11001] getaddrinfo failed)"))
2025-10-23 14:56:24,664 - ERROR - Error fetching threats: HTTPSConnectionPool(host='api.threatintel.example.com', port=443): Max retries exceeded with url: /threats (Caused by NameResolutionError("<urllib3.connection.HTTPSConnection object at 0x0000019BEAA842D0>: Failed to resolve 'api.threatintel.example.com' ([Errno 11001] getaddrinfo failed)"))
2025-10-23 14:56:29,687 - INFO - [31m[1mWARNING: This is a development server. Do not use it in a production deployment. Use a production WSGI server instead.[0m
 * Running on http://127.0.0.1:5000
2025-10-23 14:56:29,687 - INFO - [33mPress CTRL+C to quit[0m
2025-10-23 14:56:29,688 - INFO -  * Restarting with watchdog (windowsapi)
2025-10-23 14:56:30,988 - WARNING -  * Debugger is active!
2025-10-23 14:56:31,015 - INFO -  * Debugger PIN: 520-505-401
